TN:
SF:src\app.ts
FN:29,(anonymous_1)
FNF:1
FNH:0
FNDA:0,(anonymous_1)
DA:1,1
DA:2,1
DA:3,1
DA:4,1
DA:5,1
DA:6,1
DA:9,1
DA:14,1
DA:20,1
DA:26,1
DA:29,1
DA:30,0
DA:36,1
DA:41,1
DA:43,1
LF:15
LH:14
BRF:0
BRH:0
end_of_record
TN:
SF:src\config.ts
FN:13,loadConfig
FNF:1
FNH:1
FNDA:2,loadConfig
DA:1,2
DA:2,2
DA:3,2
DA:15,2
DA:16,2
DA:17,2
DA:20,2
DA:28,2
DA:29,2
DA:31,0
DA:34,2
DA:42,2
DA:43,2
LF:13
LH:12
BRDA:15,0,0,2
BRDA:15,0,1,0
BRF:2
BRH:1
end_of_record
TN:
SF:src\server.ts
FN:9,run
FN:12,(anonymous_10)
FNF:2
FNH:0
FNDA:0,run
FNDA:0,(anonymous_10)
DA:1,0
DA:2,0
DA:3,0
DA:10,0
DA:11,0
DA:12,0
DA:13,0
DA:16,0
DA:17,0
DA:21,0
LF:10
LH:0
BRF:0
BRH:0
end_of_record
TN:
SF:src\controllers\user.controller.ts
FN:11,(anonymous_12)
FN:12,(anonymous_13)
FN:28,(anonymous_14)
FN:39,(anonymous_16)
FN:50,(anonymous_18)
FN:61,(anonymous_20)
FNF:6
FNH:6
FNDA:1,(anonymous_12)
FNDA:1,(anonymous_13)
FNDA:1,(anonymous_14)
FNDA:1,(anonymous_16)
FNDA:1,(anonymous_18)
FNDA:1,(anonymous_20)
DA:1,1
DA:3,1
DA:4,1
DA:5,1
DA:8,1
DA:11,1
DA:12,1
DA:19,1
DA:20,1
DA:21,1
DA:23,0
DA:28,1
DA:29,1
DA:30,1
DA:31,1
DA:33,0
DA:39,1
DA:40,1
DA:41,1
DA:42,1
DA:43,1
DA:45,0
DA:50,1
DA:51,1
DA:52,1
DA:53,1
DA:55,0
DA:61,1
DA:62,1
DA:63,1
DA:64,1
DA:66,0
LF:32
LH:27
BRDA:12,0,0,0
BRDA:13,1,0,0
BRF:2
BRH:0
end_of_record
TN:
SF:src\database\db.ts
FN:4,connectMongoDB
FNF:1
FNH:0
FNDA:0,connectMongoDB
DA:1,0
DA:2,0
DA:5,0
DA:6,0
DA:9,0
DA:11,0
DA:12,0
DA:16,0
LF:8
LH:0
BRF:0
BRH:0
end_of_record
TN:
SF:src\database\models\user.model.ts
FNF:0
FNH:0
DA:1,2
DA:16,2
DA:22,2
DA:24,2
LF:4
LH:4
BRF:0
BRH:0
end_of_record
TN:
SF:src\database\repositories\user.repository.ts
FN:4,(anonymous_8)
FN:37,(anonymous_10)
FN:49,(anonymous_12)
FN:59,(anonymous_14)
FN:73,(anonymous_16)
FNF:5
FNH:5
FNDA:2,(anonymous_8)
FNDA:2,(anonymous_10)
FNDA:2,(anonymous_12)
FNDA:2,(anonymous_14)
FNDA:2,(anonymous_16)
DA:1,2
DA:3,2
DA:12,2
DA:13,2
DA:15,2
DA:16,0
DA:19,2
DA:20,1
DA:21,1
DA:22,0
DA:23,1
DA:24,0
DA:27,2
DA:31,2
DA:33,0
DA:38,2
DA:39,2
DA:40,2
DA:41,0
DA:43,2
DA:45,0
DA:50,2
DA:51,2
DA:52,2
DA:53,2
DA:55,0
DA:63,2
DA:64,2
DA:67,2
DA:69,0
DA:74,2
DA:75,2
DA:77,0
DA:82,2
LF:34
LH:25
BRDA:15,0,0,0
BRDA:19,1,0,1
BRDA:19,1,1,1
BRDA:19,2,0,2
BRDA:19,2,1,1
BRDA:21,3,0,0
BRDA:21,3,1,1
BRDA:23,4,0,0
BRDA:40,5,0,0
BRF:9
BRH:5
end_of_record
TN:
SF:src\middlewares\get-request.ts
FN:3,(anonymous_7)
FN:3,(anonymous_8)
FNF:2
FNH:2
FNDA:1,(anonymous_7)
FNDA:1,(anonymous_8)
DA:3,1
DA:4,1
DA:8,1
DA:10,1
DA:11,1
DA:13,1
DA:16,1
LF:7
LH:7
BRF:0
BRH:0
end_of_record
TN:
SF:src\middlewares\error\error-handler.ts
FN:5,errorHandler
FNF:1
FNH:0
FNDA:0,errorHandler
DA:3,1
DA:5,1
DA:6,0
DA:7,0
DA:8,0
DA:12,0
DA:13,0
DA:14,0
DA:18,0
LF:9
LH:2
BRDA:6,0,0,0
BRDA:6,0,1,0
BRDA:10,1,0,0
BRDA:10,1,1,0
BRDA:10,2,0,0
BRDA:10,2,1,0
BRDA:12,3,0,0
BRDA:12,3,1,0
BRF:8
BRH:0
end_of_record
TN:
SF:src\routes\v1\routes.ts
FN:50,RegisterRoutes
FN:59,UserController_getAllUsers
FN:94,UserController_getUserById
FN:124,UserController_createNewUser
FN:154,UserController_updateUser
FN:185,UserController_deleteUser
FNF:6
FNH:6
FNDA:1,RegisterRoutes
FNDA:1,UserController_getAllUsers
FNDA:1,UserController_getUserById
FNDA:1,UserController_createNewUser
FNDA:1,UserController_updateUser
FNDA:1,UserController_deleteUser
DA:4,1
DA:6,1
DA:13,1
DA:46,1
DA:50,1
DA:55,1
DA:60,1
DA:71,1
DA:72,1
DA:73,1
DA:75,1
DA:77,1
DA:86,0
DA:90,1
DA:95,1
DA:101,1
DA:102,1
DA:103,1
DA:105,1
DA:107,1
DA:116,0
DA:120,1
DA:125,1
DA:131,1
DA:132,1
DA:133,1
DA:135,1
DA:137,1
DA:146,0
DA:150,1
DA:155,1
DA:162,1
DA:163,1
DA:164,1
DA:166,1
DA:168,1
DA:177,0
DA:181,1
DA:186,1
DA:192,1
DA:193,1
DA:194,1
DA:196,1
DA:198,1
DA:207,0
LF:45
LH:40
BRF:0
BRH:0
end_of_record
TN:
SF:src\services\user.service.ts
FN:6,(anonymous_8)
FN:16,(anonymous_10)
FN:25,(anonymous_12)
FN:34,(anonymous_14)
FN:43,(anonymous_16)
FNF:5
FNH:5
FNDA:1,(anonymous_8)
FNDA:1,(anonymous_10)
FNDA:1,(anonymous_12)
FNDA:1,(anonymous_14)
FNDA:1,(anonymous_16)
DA:2,1
DA:5,1
DA:7,1
DA:8,1
DA:9,1
DA:11,0
DA:17,1
DA:18,1
DA:19,1
DA:21,0
DA:26,1
DA:27,1
DA:28,1
DA:30,0
DA:35,1
DA:36,1
DA:37,1
DA:39,0
DA:44,1
DA:45,1
DA:47,0
DA:52,1
LF:22
LH:17
BRF:0
BRH:0
end_of_record
TN:
SF:src\utils\consts\status.code.ts
FN:1,(anonymous_0)
FNF:1
FNH:1
FNDA:1,(anonymous_0)
DA:1,1
DA:3,1
DA:4,1
DA:5,1
DA:6,1
DA:9,1
DA:10,1
DA:13,1
DA:14,1
DA:15,1
DA:16,1
DA:17,1
DA:18,1
DA:19,1
DA:20,1
DA:23,1
DA:24,1
DA:25,1
DA:26,1
DA:27,1
LF:20
LH:20
BRDA:1,0,0,1
BRDA:1,0,1,1
BRF:2
BRH:2
end_of_record
